[0929/180626.064:ERROR:process_reader_win.cc(123)] NtOpenThread: {Access Denied} A process has requested access to an object, but has not been granted those access rights. (0xc0000022)
[0929/180626.064:ERROR:process_reader_win.cc(123)] NtOpenThread: {Access Denied} A process has requested access to an object, but has not been granted those access rights. (0xc0000022)
[0929/180626.067:ERROR:process_reader_win.cc(123)] NtOpenThread: {Access Denied} A process has requested access to an object, but has not been granted those access rights. (0xc0000022)
[0929/180626.064:ERROR:process_reader_win.cc(123)] NtOpenThread: {Access Denied} A process has requested access to an object, but has not been granted those access rights. (0xc0000022)
[0929/180626.064:ERROR:process_reader_win.cc(123)] NtOpenThread: {Access Denied} A process has requested access to an object, but has not been granted those access rights. (0xc0000022)
[0929/180626.073:ERROR:exception_snapshot_win.cc(99)] thread ID 11948 not found in process
[0929/180626.073:ERROR:exception_snapshot_win.cc(99)] thread ID 14208 not found in process
[0929/180626.073:ERROR:exception_snapshot_win.cc(99)] thread ID 10476 not found in process
[0929/180626.073:ERROR:exception_snapshot_win.cc(99)] thread ID 10460 not found in process
[0929/180626.073:ERROR:exception_snapshot_win.cc(99)] thread ID 13624 not found in process
[0929/180626.086:ERROR:process_reader_win.cc(123)] NtOpenThread: {Access Denied} A process has requested access to an object, but has not been granted those access rights. (0xc0000022)
[0929/180626.086:ERROR:exception_snapshot_win.cc(99)] thread ID 11516 not found in process
[0929/180626.087:ERROR:process_reader_win.cc(123)] NtOpenThread: {Access Denied} A process has requested access to an object, but has not been granted those access rights. (0xc0000022)
[0929/180626.087:ERROR:exception_snapshot_win.cc(99)] thread ID 13844 not found in process
[0929/180626.090:ERROR:process_reader_win.cc(123)] NtOpenThread: {Access Denied} A process has requested access to an object, but has not been granted those access rights. (0xc0000022)
[0929/180626.090:ERROR:exception_snapshot_win.cc(99)] thread ID 8764 not found in process
[0929/180626.108:ERROR:process_reader_win.cc(123)] NtOpenThread: {Access Denied} A process has requested access to an object, but has not been granted those access rights. (0xc0000022)
[0929/180626.108:ERROR:exception_snapshot_win.cc(99)] thread ID 10468 not found in process
[0929/180626.112:ERROR:process_reader_win.cc(123)] NtOpenThread: {Access Denied} A process has requested access to an object, but has not been granted those access rights. (0xc0000022)
[0929/180626.112:ERROR:exception_snapshot_win.cc(99)] thread ID 6784 not found in process
[0929/180626.128:ERROR:process_info.cc(329)] VirtualQueryEx: Access is denied. (0x5)
[0929/180626.128:ERROR:process_info.cc(556)] ReadMemoryInfo failed
[0929/180626.128:ERROR:process_memory_win.cc(39)] Failed to initialize ProcessInfo.
[0929/180626.128:ERROR:scoped_process_suspend.cc(40)] NtResumeProcess: An attempt was made to access an exiting process. (0xc000010a)
[0111/092453.431:ERROR:directory_reader_win.cc(43)] FindFirstFile: The system cannot find the path specified. (0x3)
[0118/090716.734:ERROR:directory_reader_win.cc(43)] FindFirstFile: The system cannot find the path specified. (0x3)
[0118/134329.102:ERROR:directory_reader_win.cc(43)] FindFirstFile: The system cannot find the path specified. (0x3)
