127.0.0.1 - - [17/May/2021:00:12:49 +0700] "POST /zkau HTTP/1.1" 302 -
127.0.0.1 - - [17/May/2021:00:12:49 +0700] "GET /login HTTP/1.1" 200 4256
0:0:0:0:0:0:0:1 - - [17/May/2021:03:19:28 +0700] "GET /login HTTP/1.1" 302 -
0:0:0:0:0:0:0:1 - - [17/May/2021:03:19:30 +0700] "GET /login HTTP/1.1" 200 4256
0:0:0:0:0:0:0:1 - - [17/May/2021:03:19:30 +0700] "GET /zkau/web/7e58939e/js/bootstrap/ext/css/bootstrap.min.css HTTP/1.1" 200 8192
0:0:0:0:0:0:0:1 - - [17/May/2021:03:19:31 +0700] "GET /zkau/web/7e58939e/js/zk.wpd HTTP/1.1" 200 8192
0:0:0:0:0:0:0:1 - - [17/May/2021:03:19:31 +0700] "GET /zkau/web/_zv2014022710/js/zul.lang.wpd HTTP/1.1" 200 1593
0:0:0:0:0:0:0:1 - - [17/May/2021:03:19:31 +0700] "GET /zkau/web/_zv2014022710/js/zul.box.wpd HTTP/1.1" 200 8101
0:0:0:0:0:0:0:1 - - [17/May/2021:03:19:31 +0700] "GET /zkau/web/_zv2014022710/js/zul.utl.wpd HTTP/1.1" 200 1660
0:0:0:0:0:0:0:1 - - [17/May/2021:03:19:31 +0700] "GET /zkau/web/7e58939e/images/favicon/favicon.ico HTTP/1.1" 200 8192
0:0:0:0:0:0:0:1 - - [17/May/2021:03:19:31 +0700] "GET /zkau/web/_zv2014022710/js/zul.inp.wpd HTTP/1.1" 200 8192
0:0:0:0:0:0:0:1 - - [17/May/2021:03:19:31 +0700] "GET /zkau/web/_zv2014022710/js/zk.fmt.wpd HTTP/1.1" 200 2861
0:0:0:0:0:0:0:1 - - [17/May/2021:03:19:31 +0700] "GET /zkau/web/7e58939e/zul/img/misc/progress.gif HTTP/1.1" 200 1849
0:0:0:0:0:0:0:1 - - [17/May/2021:03:19:31 +0700] "GET /zkau/view/z_kti/rX6Qv2/0vd/1/c/captcha1621196370816.png HTTP/1.1" 200 8356
0:0:0:0:0:0:0:1 - - [17/May/2021:03:19:31 +0700] "GET /zkau/web/7e58939e/zul/less/font/fontawesome-webfont.woff?v=4.0.1 HTTP/1.1" 200 44476
0:0:0:0:0:0:0:1 - - [17/May/2021:03:19:31 +0700] "GET /zkau/web/7e58939e/images/layout/pattern.jpg HTTP/1.1" 200 7080
0:0:0:0:0:0:0:1 - - [17/May/2021:03:19:31 +0700] "GET /zkau/web/7e58939e/zul/css/zk.wcs HTTP/1.1" 200 8192
0:0:0:0:0:0:0:1 - - [17/May/2021:03:19:33 +0700] "POST /zkau HTTP/1.1" 200 33
0:0:0:0:0:0:0:1 - - [17/May/2021:03:19:33 +0700] "GET /zkau?dtid=z_kti&cmd_0=rmDesktop&opt_0=i HTTP/1.1" 200 17
0:0:0:0:0:0:0:1 - - [17/May/2021:03:19:33 +0700] "POST /j_spring_security_check HTTP/1.1" 302 -
0:0:0:0:0:0:0:1 - - [17/May/2021:03:19:34 +0700] "GET /index HTTP/1.1" 200 9678
0:0:0:0:0:0:0:1 - - [17/May/2021:03:19:34 +0700] "GET /zkau/web/7e58939e/css/index.css.dsp HTTP/1.1" 200 13298
0:0:0:0:0:0:0:1 - - [17/May/2021:03:19:34 +0700] "GET /zkau/web/7e58939e/css/pygments-manni.css HTTP/1.1" 200 875
0:0:0:0:0:0:0:1 - - [17/May/2021:03:19:34 +0700] "GET /zkau/web/7e58939e/css/docs.css HTTP/1.1" 200 8192
0:0:0:0:0:0:0:1 - - [17/May/2021:03:19:34 +0700] "GET /zkau/web/_zv2014022710/js/zul.lang.wpd HTTP/1.1" 200 1593
0:0:0:0:0:0:0:1 - - [17/May/2021:03:19:35 +0700] "GET /zkau/web/7e58939e/images/icons/medium/user.png HTTP/1.1" 200 2066
0:0:0:0:0:0:0:1 - - [17/May/2021:03:19:37 +0700] "POST /zkau HTTP/1.1" 200 11407
0:0:0:0:0:0:0:1 - - [17/May/2021:03:54:35 +0700] "GET /zkau?dtid=z_hqm&cmd_0=rmDesktop&opt_0=i HTTP/1.1" 302 -
0:0:0:0:0:0:0:1 - - [17/May/2021:03:54:37 +0700] "GET /login HTTP/1.1" 200 4255
0:0:0:0:0:0:0:1 - - [17/May/2021:03:54:37 +0700] "GET /index HTTP/1.1" 302 -
0:0:0:0:0:0:0:1 - - [17/May/2021:03:54:37 +0700] "GET /login HTTP/1.1" 200 4253
0:0:0:0:0:0:0:1 - - [17/May/2021:03:54:37 +0700] "GET /zkau/web/7e58939e/css/login.css HTTP/1.1" 200 2097
0:0:0:0:0:0:0:1 - - [17/May/2021:03:54:37 +0700] "GET /zkau/web/7e58939e/static/css/themes/bootstrap-cerulean.min.css HTTP/1.1" 200 107284
0:0:0:0:0:0:0:1 - - [17/May/2021:03:54:37 +0700] "GET /zkau/web/7e58939e/static/css/ace/ace-rtl.min.css HTTP/1.1" 200 36873
0:0:0:0:0:0:0:1 - - [17/May/2021:03:54:37 +0700] "GET /zkau/web/7e58939e/static/css/ace/ace-skins.min.css HTTP/1.1" 200 75918
0:0:0:0:0:0:0:1 - - [17/May/2021:03:54:37 +0700] "GET /zkau/web/7e58939e/js/bootstrap/ext/css/bootstrap.min.css HTTP/1.1" 200 97339
0:0:0:0:0:0:0:1 - - [17/May/2021:03:54:37 +0700] "GET /zkau/web/7e58939e/static/js/processing_box.js HTTP/1.1" 200 708
0:0:0:0:0:0:0:1 - - [17/May/2021:03:54:37 +0700] "GET /zkau/web/7e58939e/js/bootstrap.wpd HTTP/1.1" 200 9640
0:0:0:0:0:0:0:1 - - [17/May/2021:03:54:37 +0700] "GET /zkau/web/7e58939e/static/js/jquery.highlight-4.js HTTP/1.1" 200 1472
0:0:0:0:0:0:0:1 - - [17/May/2021:03:54:37 +0700] "GET /zkau/web/7e58939e/static/css/ace/ace.min.css HTTP/1.1" 200 359894
0:0:0:0:0:0:0:1 - - [17/May/2021:03:54:37 +0700] "GET /zkau/web/7e58939e/js/zk.wpd HTTP/1.1" 200 123911
0:0:0:0:0:0:0:1 - - [17/May/2021:03:54:38 +0700] "GET /zkau/web/7e58939e/zul/css/zk.wcs HTTP/1.1" 200 21551
0:0:0:0:0:0:0:1 - - [17/May/2021:03:54:38 +0700] "GET /zkau/web/_zv2014022710/js/zul.lang.wpd HTTP/1.1" 200 1593
0:0:0:0:0:0:0:1 - - [17/May/2021:03:54:38 +0700] "GET /zkau/web/_zv2014022710/js/zhtml.wpd HTTP/1.1" 200 1094
0:0:0:0:0:0:0:1 - - [17/May/2021:03:54:38 +0700] "GET /zkau/web/_zv2014022710/js/zul.utl.wpd HTTP/1.1" 200 1660
0:0:0:0:0:0:0:1 - - [17/May/2021:03:54:38 +0700] "GET /zkau/web/_zv2014022710/js/zul.box.wpd HTTP/1.1" 200 8101
0:0:0:0:0:0:0:1 - - [17/May/2021:03:54:38 +0700] "GET /zkau/web/_zv2014022710/js/zul.inp.wpd HTTP/1.1" 200 18595
0:0:0:0:0:0:0:1 - - [17/May/2021:03:54:38 +0700] "GET /zkau/web/_zv2014022710/js/zk.fmt.wpd HTTP/1.1" 200 2861
0:0:0:0:0:0:0:1 - - [17/May/2021:03:54:38 +0700] "GET /zkau/web/7e58939e/zul/img/misc/progress.gif HTTP/1.1" 200 1849
0:0:0:0:0:0:0:1 - - [17/May/2021:03:54:38 +0700] "GET /zkau/view/z_uyp/nDHQv2/fds1/1/c/captcha1621198477616.png HTTP/1.1" 200 8647
0:0:0:0:0:0:0:1 - - [17/May/2021:03:54:38 +0700] "GET /zkau/web/7e58939e/images/layout/pattern.jpg HTTP/1.1" 200 7080
0:0:0:0:0:0:0:1 - - [17/May/2021:03:54:39 +0700] "POST /zkau HTTP/1.1" 200 33
0:0:0:0:0:0:0:1 - - [17/May/2021:03:54:39 +0700] "GET /zkau?dtid=z_uyp&cmd_0=rmDesktop&opt_0=i HTTP/1.1" 200 17
0:0:0:0:0:0:0:1 - - [17/May/2021:03:54:40 +0700] "POST /j_spring_security_check HTTP/1.1" 302 -
0:0:0:0:0:0:0:1 - - [17/May/2021:03:54:41 +0700] "GET /index HTTP/1.1" 200 9677
0:0:0:0:0:0:0:1 - - [17/May/2021:03:54:41 +0700] "GET /zkau/web/7e58939e/css/index.css.dsp HTTP/1.1" 200 13298
0:0:0:0:0:0:0:1 - - [17/May/2021:03:54:41 +0700] "GET /zkau/web/_zv2014022710/js/zul.lang.wpd HTTP/1.1" 200 1593
0:0:0:0:0:0:0:1 - - [17/May/2021:03:55:20 +0700] "POST /zkau HTTP/1.1" 200 11408
0:0:0:0:0:0:0:1 - - [17/May/2021:03:55:22 +0700] "POST /zkau HTTP/1.1" 200 610
0:0:0:0:0:0:0:1 - - [17/May/2021:03:55:22 +0700] "GET /zkau/web/_zv2014022710/js/zul.wnd.wpd HTTP/1.1" 200 10856
0:0:0:0:0:0:0:1 - - [17/May/2021:03:55:24 +0700] "POST /zkau HTTP/1.1" 200 34
0:0:0:0:0:0:0:1 - - [17/May/2021:03:55:25 +0700] "POST /zkau HTTP/1.1" 200 4337
0:0:0:0:0:0:0:1 - - [17/May/2021:03:55:25 +0700] "GET /.~./js/application.js?_=1621198481696 HTTP/1.1" 302 -
0:0:0:0:0:0:0:1 - - [17/May/2021:03:55:25 +0700] "GET /access_denied HTTP/1.1" 200 1083
0:0:0:0:0:0:0:1 - - [17/May/2021:03:55:32 +0700] "POST /zkau HTTP/1.1" 200 34
0:0:0:0:0:0:0:1 - - [17/May/2021:03:56:47 +0700] "POST /zkau HTTP/1.1" 200 113
0:0:0:0:0:0:0:1 - - [17/May/2021:03:56:47 +0700] "GET /zkau/web/7e58939e/zul/img/msgbox/stop-btn.png HTTP/1.1" 200 1313
0:0:0:0:0:0:0:1 - - [17/May/2021:03:56:50 +0700] "POST /zkau HTTP/1.1" 200 218
0:0:0:0:0:0:0:1 - - [17/May/2021:03:56:52 +0700] "POST /zkau HTTP/1.1" 200 741
0:0:0:0:0:0:0:1 - - [17/May/2021:03:56:55 +0700] "POST /zkau HTTP/1.1" 200 219
0:0:0:0:0:0:0:1 - - [17/May/2021:03:56:57 +0700] "POST /zkau HTTP/1.1" 200 115
0:0:0:0:0:0:0:1 - - [17/May/2021:03:57:00 +0700] "POST /zkau HTTP/1.1" 200 11315
0:0:0:0:0:0:0:1 - - [17/May/2021:03:57:02 +0700] "POST /zkau HTTP/1.1" 200 7276
0:0:0:0:0:0:0:1 - - [17/May/2021:03:57:06 +0700] "POST /zkau HTTP/1.1" 200 566
0:0:0:0:0:0:0:1 - - [17/May/2021:03:57:08 +0700] "POST /zkau HTTP/1.1" 200 35
0:0:0:0:0:0:0:1 - - [17/May/2021:03:57:11 +0700] "POST /zkau HTTP/1.1" 200 1871
0:0:0:0:0:0:0:1 - - [17/May/2021:03:57:21 +0700] "POST /zkau HTTP/1.1" 200 36
